e:\qtproject\503\antenna02\qt_phased_array_antenna\x64\debug\vc142.pdb
e:\qtproject\503\antenna02\qt_phased_array_antenna\x64\debug\vc142.idb
e:\qtproject\503\antenna02\qt_phased_array_antenna\x64\debug\qrc_qt_phased_array_antenna.obj
e:\qtproject\503\antenna02\qt_phased_array_antenna\x64\debug\tcp.obj
e:\qtproject\503\antenna02\qt_phased_array_antenna\x64\debug\main.obj
e:\qtproject\503\antenna02\qt_phased_array_antenna\x64\debug\communication.obj
e:\qtproject\503\antenna02\qt_phased_array_antenna\x64\debug\serialport.obj
e:\qtproject\503\antenna02\qt_phased_array_antenna\x64\debug\moc_communication.obj
e:\qtproject\503\antenna02\qt_phased_array_antenna\x64\debug\moc_serialport.obj
e:\qtproject\503\antenna02\qt_phased_array_antenna\x64\debug\moc_tcp.obj
e:\qtproject\503\antenna02\qt_phased_array_antenna\x64\debug\qt_phased_array_antenna.ilk
e:\qtproject\503\antenna02\x64\debug\qt_phased_array_antenna.exe
e:\qtproject\503\antenna02\x64\debug\qt_phased_array_antenna.pdb
e:\qtproject\503\antenna02\qt_phased_array_antenna\x64\debug\qt\moc\moc_communication.cpp
e:\qtproject\503\antenna02\qt_phased_array_antenna\x64\debug\qt\uic\ui_communication_module.h
e:\qtproject\503\antenna02\qt_phased_array_antenna\x64\debug\qt\rcc\qrc_qt_phased_array_antenna.cpp
e:\qtproject\503\antenna02\qt_phased_array_antenna\x64\debug\qt\moc\moc_serialport.cpp
e:\qtproject\503\antenna02\qt_phased_array_antenna\x64\debug\qt\moc\moc_tcp.cpp
e:\qtproject\503\qt_phased_array_antenna-myfeature\qt_phased_array_antenna\x64\debug\qt\uic\ui_communication_module.h
e:\qtproject\503\qt_phased_array_antenna-myfeature\qt_phased_array_antenna\x64\debug\qt\rcc\qrc_qt_phased_array_antenna.cpp
e:\qtproject\503\qt_phased_array_antenna-myfeature\qt_phased_array_antenna\x64\debug\qt\moc\moc_communication.cpp
e:\qtproject\503\qt_phased_array_antenna-myfeature\qt_phased_array_antenna\x64\debug\qt\moc\moc_serialport.cpp
e:\qtproject\503\qt_phased_array_antenna-myfeature\qt_phased_array_antenna\x64\debug\qt\moc\moc_tcp.cpp
e:\qtproject\503\qt_phased_array_antenna-myfeature\qt_phased_array_antenna\x64\debug\communication.obj
e:\qtproject\503\qt_phased_array_antenna-myfeature\qt_phased_array_antenna\x64\debug\main.obj
e:\qtproject\503\qt_phased_array_antenna-myfeature\qt_phased_array_antenna\x64\debug\moc_communication.obj
e:\qtproject\503\qt_phased_array_antenna-myfeature\qt_phased_array_antenna\x64\debug\moc_serialport.obj
e:\qtproject\503\qt_phased_array_antenna-myfeature\qt_phased_array_antenna\x64\debug\moc_tcp.obj
e:\qtproject\503\qt_phased_array_antenna-myfeature\qt_phased_array_antenna\x64\debug\qrc_qt_phased_array_antenna.obj
e:\qtproject\503\qt_phased_array_antenna-myfeature\qt_phased_array_antenna\x64\debug\serialport.obj
e:\qtproject\503\qt_phased_array_antenna-myfeature\qt_phased_array_antenna\x64\debug\tcp.obj
e:\qtproject\503\qt_phased_array_antenna-myfeature\qt_phased_array_antenna\x64\debug\qt_phased_array_antenna.ilk
e:\qtproject\503\qt_phased_array_antenna-myfeature\qt_phased_array_antenna\x64\debug\vc142.idb
e:\qtproject\503\qt_phased_array_antenna-myfeature\qt_phased_array_antenna\x64\debug\vc142.pdb
e:\qtproject\503\qt_phased_array_antenna-myfeature\x64\debug\qt_phased_array_antenna.pdb
e:\qtproject\503\qt_phased_array_antenna-myfeature\x64\debug\qt_phased_array_antenna.exe
e:\qtproject\503\qt_phased_array_antenna-myfeature\qt_phased_array_antenna\x64\debug\qt_phase.5adb0045.tlog\cl.command.1.tlog
e:\qtproject\503\qt_phased_array_antenna-myfeature\qt_phased_array_antenna\x64\debug\qt_phase.5adb0045.tlog\cl.read.1.tlog
e:\qtproject\503\qt_phased_array_antenna-myfeature\qt_phased_array_antenna\x64\debug\qt_phase.5adb0045.tlog\cl.write.1.tlog
e:\qtproject\503\qt_phased_array_antenna-myfeature\qt_phased_array_antenna\x64\debug\qt_phase.5adb0045.tlog\link.command.1.tlog
e:\qtproject\503\qt_phased_array_antenna-myfeature\qt_phased_array_antenna\x64\debug\qt_phase.5adb0045.tlog\link.read.1.tlog
e:\qtproject\503\qt_phased_array_antenna-myfeature\qt_phased_array_antenna\x64\debug\qt_phase.5adb0045.tlog\link.write.1.tlog
e:\qtproject\503\qt_phased_array_antenna-myfeature\qt_phased_array_antenna\x64\debug\qt_phase.5adb0045.tlog\moc.read.1u.tlog
e:\qtproject\503\qt_phased_array_antenna-myfeature\qt_phased_array_antenna\x64\debug\qt_phase.5adb0045.tlog\moc.write.1u.tlog
e:\qtproject\503\qt_phased_array_antenna-myfeature\qt_phased_array_antenna\x64\debug\qt_phase.5adb0045.tlog\qt_phased_array_antenna.write.1u.tlog
e:\qtproject\503\qt_phased_array_antenna-myfeature\qt_phased_array_antenna\x64\debug\qt_phase.5adb0045.tlog\rcc.read.1u.tlog
e:\qtproject\503\qt_phased_array_antenna-myfeature\qt_phased_array_antenna\x64\debug\qt_phase.5adb0045.tlog\rcc.write.1u.tlog
e:\qtproject\503\qt_phased_array_antenna-myfeature\qt_phased_array_antenna\x64\debug\qt_phase.5adb0045.tlog\uic.read.1u.tlog
e:\qtproject\503\qt_phased_array_antenna-myfeature\qt_phased_array_antenna\x64\debug\qt_phase.5adb0045.tlog\uic.write.1u.tlog
